20:37:19 | Authorise request:  { auth: null,
  hash: null,
  host: 'localhost:8080',
  hostname: 'localhost',
  href: 'http://localhost:8080/',
  path: '/',
  pathname: '/',
  port: '8080',
  protocol: 'http:',
  query: null,
  search: null,
  slashes: true }
20:37:20 | Authorise request:  { auth: null,
  hash: null,
  host: 'localhost:8080',
  hostname: 'localhost',
  href: 'http://localhost:8080/',
  path: '/',
  pathname: '/',
  port: '8080',
  protocol: 'http:',
  query: null,
  search: null,
  slashes: true }
20:40:44 | Authorise request:  { auth: null,
  hash: null,
  host: 'localhost:8080',
  hostname: 'localhost',
  href: 'http://localhost:8080/',
  path: '/',
  pathname: '/',
  port: '8080',
  protocol: 'http:',
  query: null,
  search: null,
  slashes: true }
20:40:45 | Authorise request:  { auth: null,
  hash: null,
  host: 'localhost:8080',
  hostname: 'localhost',
  href: 'http://localhost:8080/',
  path: '/',
  pathname: '/',
  port: '8080',
  protocol: 'http:',
  query: null,
  search: null,
  slashes: true }
20:56:20 | Authorise request:  { auth: null,
  hash: null,
  host: 'localhost:8080',
  hostname: 'localhost',
  href: 'http://localhost:8080/',
  path: '/',
  pathname: '/',
  port: '8080',
  protocol: 'http:',
  query: null,
  search: null,
  slashes: true }
20:56:21 | Authorise request:  { auth: null,
  hash: null,
  host: 'localhost:8080',
  hostname: 'localhost',
  href: 'http://localhost:8080/',
  path: '/',
  pathname: '/',
  port: '8080',
  protocol: 'http:',
  query: null,
  search: null,
  slashes: true }
20:58:18 | Authorise request:  { auth: null,
  hash: null,
  host: 'localhost:8080',
  hostname: 'localhost',
  href: 'http://localhost:8080/',
  path: '/',
  pathname: '/',
  port: '8080',
  protocol: 'http:',
  query: null,
  search: null,
  slashes: true }
20:58:19 | Authorise request:  { auth: null,
  hash: null,
  host: 'localhost:8080',
  hostname: 'localhost',
  href: 'http://localhost:8080/',
  path: '/',
  pathname: '/',
  port: '8080',
  protocol: 'http:',
  query: null,
  search: null,
  slashes: true }
20:59:35 | Authorise request:  { auth: null,
  hash: null,
  host: 'localhost:8080',
  hostname: 'localhost',
  href: 'http://localhost:8080/',
  path: '/',
  pathname: '/',
  port: '8080',
  protocol: 'http:',
  query: null,
  search: null,
  slashes: true }
21:00:17 | Authorise request:  { auth: null,
  hash: null,
  host: 'localhost:8080',
  hostname: 'localhost',
  href: 'http://localhost:8080/',
  path: '/',
  pathname: '/',
  port: '8080',
  protocol: 'http:',
  query: null,
  search: null,
  slashes: true }
21:02:36 | Authorise request:  { auth: null,
  hash: null,
  host: 'localhost:8080',
  hostname: 'localhost',
  href: 'http://localhost:8080/',
  path: '/',
  pathname: '/',
  port: '8080',
  protocol: 'http:',
  query: null,
  search: null,
  slashes: true }
21:04:31 | Authorise request:  { auth: null,
  hash: null,
  host: 'localhost:8080',
  hostname: 'localhost',
  href: 'http://localhost:8080/',
  path: '/',
  pathname: '/',
  port: '8080',
  protocol: 'http:',
  query: null,
  search: null,
  slashes: true }
21:07:45 | Authorise request:  { auth: null,
  hash: null,
  host: 'localhost:8080',
  hostname: 'localhost',
  href: 'http://localhost:8080/',
  path: '/',
  pathname: '/',
  port: '8080',
  protocol: 'http:',
  query: null,
  search: null,
  slashes: true }
21:07:46 | Authorise request:  { auth: null,
  hash: null,
  host: 'localhost:8080',
  hostname: 'localhost',
  href: 'http://localhost:8080/',
  path: '/',
  pathname: '/',
  port: '8080',
  protocol: 'http:',
  query: null,
  search: null,
  slashes: true }
21:10:42 | Authorise request:  { auth: null,
  hash: null,
  host: 'localhost:8080',
  hostname: 'localhost',
  href: 'http://localhost:8080/',
  path: '/',
  pathname: '/',
  port: '8080',
  protocol: 'http:',
  query: null,
  search: null,
  slashes: true }
21:10:43 | Authorise request:  { auth: null,
  hash: null,
  host: 'localhost:8080',
  hostname: 'localhost',
  href: 'http://localhost:8080/',
  path: '/',
  pathname: '/',
  port: '8080',
  protocol: 'http:',
  query: null,
  search: null,
  slashes: true }
21:14:12 | Authorise request:  { auth: null,
  hash: null,
  host: 'localhost:8080',
  hostname: 'localhost',
  href: 'http://localhost:8080/',
  path: '/',
  pathname: '/',
  port: '8080',
  protocol: 'http:',
  query: null,
  search: null,
  slashes: true }
21:14:13 | Authorise request:  { auth: null,
  hash: null,
  host: 'localhost:8080',
  hostname: 'localhost',
  href: 'http://localhost:8080/',
  path: '/',
  pathname: '/',
  port: '8080',
  protocol: 'http:',
  query: null,
  search: null,
  slashes: true }
21:15:21 | Authorise request:  { auth: null,
  hash: null,
  host: 'localhost:8080',
  hostname: 'localhost',
  href: 'http://localhost:8080/',
  path: '/',
  pathname: '/',
  port: '8080',
  protocol: 'http:',
  query: null,
  search: null,
  slashes: true }
21:15:21 | Authorise request:  { auth: null,
  hash: null,
  host: 'localhost:8080',
  hostname: 'localhost',
  href: 'http://localhost:8080/',
  path: '/',
  pathname: '/',
  port: '8080',
  protocol: 'http:',
  query: null,
  search: null,
  slashes: true }
21:17:45 | Authorise request:  { auth: null,
  hash: null,
  host: 'localhost:8080',
  hostname: 'localhost',
  href: 'http://localhost:8080/',
  path: '/',
  pathname: '/',
  port: '8080',
  protocol: 'http:',
  query: null,
  search: null,
  slashes: true }
21:17:46 | Authorise request:  { auth: null,
  hash: null,
  host: 'localhost:8080',
  hostname: 'localhost',
  href: 'http://localhost:8080/',
  path: '/',
  pathname: '/',
  port: '8080',
  protocol: 'http:',
  query: null,
  search: null,
  slashes: true }
21:27:07 | Authorise request:  { auth: null,
  hash: null,
  host: 'localhost:8080',
  hostname: 'localhost',
  href: 'http://localhost:8080/',
  path: '/',
  pathname: '/',
  port: '8080',
  protocol: 'http:',
  query: null,
  search: null,
  slashes: true }
21:27:08 | Authorise request:  { auth: null,
  hash: null,
  host: 'localhost:8080',
  hostname: 'localhost',
  href: 'http://localhost:8080/',
  path: '/',
  pathname: '/',
  port: '8080',
  protocol: 'http:',
  query: null,
  search: null,
  slashes: true }
21:28:01 | Authorise request:  { auth: null,
  hash: null,
  host: 'localhost:8080',
  hostname: 'localhost',
  href: 'http://localhost:8080/',
  path: '/',
  pathname: '/',
  port: '8080',
  protocol: 'http:',
  query: null,
  search: null,
  slashes: true }
21:28:01 | Authorise request:  { auth: null,
  hash: null,
  host: 'localhost:8080',
  hostname: 'localhost',
  href: 'http://localhost:8080/',
  path: '/',
  pathname: '/',
  port: '8080',
  protocol: 'http:',
  query: null,
  search: null,
  slashes: true }
21:29:27 | Authorise request:  { auth: null,
  hash: null,
  host: 'localhost:8080',
  hostname: 'localhost',
  href: 'http://localhost:8080/',
  path: '/',
  pathname: '/',
  port: '8080',
  protocol: 'http:',
  query: null,
  search: null,
  slashes: true }
21:29:29 | Authorise request:  { auth: null,
  hash: null,
  host: 'localhost:8080',
  hostname: 'localhost',
  href: 'http://localhost:8080/',
  path: '/',
  pathname: '/',
  port: '8080',
  protocol: 'http:',
  query: null,
  search: null,
  slashes: true }
21:37:01 | Authorise request:  { auth: null,
  hash: null,
  host: 'localhost:8080',
  hostname: 'localhost',
  href: 'http://localhost:8080/',
  path: '/',
  pathname: '/',
  port: '8080',
  protocol: 'http:',
  query: null,
  search: null,
  slashes: true }
21:37:02 | Authorise request:  { auth: null,
  hash: null,
  host: 'localhost:8080',
  hostname: 'localhost',
  href: 'http://localhost:8080/',
  path: '/',
  pathname: '/',
  port: '8080',
  protocol: 'http:',
  query: null,
  search: null,
  slashes: true }
21:39:46 | Authorise request:  { auth: null,
  hash: null,
  host: 'localhost:8080',
  hostname: 'localhost',
  href: 'http://localhost:8080/',
  path: '/',
  pathname: '/',
  port: '8080',
  protocol: 'http:',
  query: null,
  search: null,
  slashes: true }
21:39:46 | Authorise request:  { auth: null,
  hash: null,
  host: 'localhost:8080',
  hostname: 'localhost',
  href: 'http://localhost:8080/',
  path: '/',
  pathname: '/',
  port: '8080',
  protocol: 'http:',
  query: null,
  search: null,
  slashes: true }
21:42:48 | Authorise request:  { auth: null,
  hash: null,
  host: 'localhost:8080',
  hostname: 'localhost',
  href: 'http://localhost:8080/',
  path: '/',
  pathname: '/',
  port: '8080',
  protocol: 'http:',
  query: null,
  search: null,
  slashes: true }
21:42:48 | Authorise request:  { auth: null,
  hash: null,
  host: 'localhost:8080',
  hostname: 'localhost',
  href: 'http://localhost:8080/',
  path: '/',
  pathname: '/',
  port: '8080',
  protocol: 'http:',
  query: null,
  search: null,
  slashes: true }
21:48:38 | Authorise request:  { auth: null,
  hash: null,
  host: 'localhost:8080',
  hostname: 'localhost',
  href: 'http://localhost:8080/',
  path: '/',
  pathname: '/',
  port: '8080',
  protocol: 'http:',
  query: null,
  search: null,
  slashes: true }
21:48:39 | Authorise request:  { auth: null,
  hash: null,
  host: 'localhost:8080',
  hostname: 'localhost',
  href: 'http://localhost:8080/',
  path: '/',
  pathname: '/',
  port: '8080',
  protocol: 'http:',
  query: null,
  search: null,
  slashes: true }
21:55:32 | Authorise request:  { auth: null,
  hash: null,
  host: 'localhost:8080',
  hostname: 'localhost',
  href: 'http://localhost:8080/',
  path: '/',
  pathname: '/',
  port: '8080',
  protocol: 'http:',
  query: null,
  search: null,
  slashes: true }
21:55:33 | Authorise request:  { auth: null,
  hash: null,
  host: 'localhost:8080',
  hostname: 'localhost',
  href: 'http://localhost:8080/',
  path: '/',
  pathname: '/',
  port: '8080',
  protocol: 'http:',
  query: null,
  search: null,
  slashes: true }
21:57:39 | Authorise request:  { auth: null,
  hash: null,
  host: 'localhost:8080',
  hostname: 'localhost',
  href: 'http://localhost:8080/',
  path: '/',
  pathname: '/',
  port: '8080',
  protocol: 'http:',
  query: null,
  search: null,
  slashes: true }
21:57:40 | Authorise request:  { auth: null,
  hash: null,
  host: 'localhost:8080',
  hostname: 'localhost',
  href: 'http://localhost:8080/',
  path: '/',
  pathname: '/',
  port: '8080',
  protocol: 'http:',
  query: null,
  search: null,
  slashes: true }
21:58:35 | Authorise request:  { auth: null,
  hash: null,
  host: 'localhost:8080',
  hostname: 'localhost',
  href: 'http://localhost:8080/',
  path: '/',
  pathname: '/',
  port: '8080',
  protocol: 'http:',
  query: null,
  search: null,
  slashes: true }
21:58:36 | Authorise request:  { auth: null,
  hash: null,
  host: 'localhost:8080',
  hostname: 'localhost',
  href: 'http://localhost:8080/',
  path: '/',
  pathname: '/',
  port: '8080',
  protocol: 'http:',
  query: null,
  search: null,
  slashes: true }
22:00:51 | Authorise request:  { auth: null,
  hash: null,
  host: 'localhost:8080',
  hostname: 'localhost',
  href: 'http://localhost:8080/',
  path: '/',
  pathname: '/',
  port: '8080',
  protocol: 'http:',
  query: null,
  search: null,
  slashes: true }
22:00:52 | Authorise request:  { auth: null,
  hash: null,
  host: 'localhost:8080',
  hostname: 'localhost',
  href: 'http://localhost:8080/',
  path: '/',
  pathname: '/',
  port: '8080',
  protocol: 'http:',
  query: null,
  search: null,
  slashes: true }
22:01:58 | Authorise request:  { auth: null,
  hash: null,
  host: 'localhost:8080',
  hostname: 'localhost',
  href: 'http://localhost:8080/',
  path: '/',
  pathname: '/',
  port: '8080',
  protocol: 'http:',
  query: null,
  search: null,
  slashes: true }
22:01:58 | Authorise request:  { auth: null,
  hash: null,
  host: 'localhost:8080',
  hostname: 'localhost',
  href: 'http://localhost:8080/',
  path: '/',
  pathname: '/',
  port: '8080',
  protocol: 'http:',
  query: null,
  search: null,
  slashes: true }
22:02:50 | Authorise request:  { auth: null,
  hash: null,
  host: 'localhost:8080',
  hostname: 'localhost',
  href: 'http://localhost:8080/',
  path: '/',
  pathname: '/',
  port: '8080',
  protocol: 'http:',
  query: null,
  search: null,
  slashes: true }
22:02:50 | Authorise request:  { auth: null,
  hash: null,
  host: 'localhost:8080',
  hostname: 'localhost',
  href: 'http://localhost:8080/',
  path: '/',
  pathname: '/',
  port: '8080',
  protocol: 'http:',
  query: null,
  search: null,
  slashes: true }
22:02:54 | Authorise request:  { auth: null,
  hash: null,
  host: 'localhost:8080',
  hostname: 'localhost',
  href: 'http://localhost:8080/',
  path: '/',
  pathname: '/',
  port: '8080',
  protocol: 'http:',
  query: null,
  search: null,
  slashes: true }
22:02:55 | Authorise request:  { auth: null,
  hash: null,
  host: 'localhost:8080',
  hostname: 'localhost',
  href: 'http://localhost:8080/',
  path: '/',
  pathname: '/',
  port: '8080',
  protocol: 'http:',
  query: null,
  search: null,
  slashes: true }
22:03:39 | Authorise request:  { auth: null,
  hash: null,
  host: 'localhost:8080',
  hostname: 'localhost',
  href: 'http://localhost:8080/',
  path: '/',
  pathname: '/',
  port: '8080',
  protocol: 'http:',
  query: null,
  search: null,
  slashes: true }
22:03:39 | Authorise request:  { auth: null,
  hash: null,
  host: 'localhost:8080',
  hostname: 'localhost',
  href: 'http://localhost:8080/',
  path: '/',
  pathname: '/',
  port: '8080',
  protocol: 'http:',
  query: null,
  search: null,
  slashes: true }
22:04:45 | Authorise request:  { auth: null,
  hash: null,
  host: 'localhost:8080',
  hostname: 'localhost',
  href: 'http://localhost:8080/',
  path: '/',
  pathname: '/',
  port: '8080',
  protocol: 'http:',
  query: null,
  search: null,
  slashes: true }
22:04:47 | Authorise request:  { auth: null,
  hash: null,
  host: 'localhost:8080',
  hostname: 'localhost',
  href: 'http://localhost:8080/',
  path: '/',
  pathname: '/',
  port: '8080',
  protocol: 'http:',
  query: null,
  search: null,
  slashes: true }
22:05:42 | Authorise request:  { auth: null,
  hash: null,
  host: 'localhost:8080',
  hostname: 'localhost',
  href: 'http://localhost:8080/',
  path: '/',
  pathname: '/',
  port: '8080',
  protocol: 'http:',
  query: null,
  search: null,
  slashes: true }
22:05:43 | Authorise request:  { auth: null,
  hash: null,
  host: 'localhost:8080',
  hostname: 'localhost',
  href: 'http://localhost:8080/',
  path: '/',
  pathname: '/',
  port: '8080',
  protocol: 'http:',
  query: null,
  search: null,
  slashes: true }
22:09:10 | Authorise request:  { auth: null,
  hash: null,
  host: 'localhost:8080',
  hostname: 'localhost',
  href: 'http://localhost:8080/',
  path: '/',
  pathname: '/',
  port: '8080',
  protocol: 'http:',
  query: null,
  search: null,
  slashes: true }
22:09:11 | Authorise request:  { auth: null,
  hash: null,
  host: 'localhost:8080',
  hostname: 'localhost',
  href: 'http://localhost:8080/',
  path: '/',
  pathname: '/',
  port: '8080',
  protocol: 'http:',
  query: null,
  search: null,
  slashes: true }
22:11:06 | Authorise request:  { auth: null,
  hash: null,
  host: 'localhost:8080',
  hostname: 'localhost',
  href: 'http://localhost:8080/',
  path: '/',
  pathname: '/',
  port: '8080',
  protocol: 'http:',
  query: null,
  search: null,
  slashes: true }
22:11:06 | Authorise request:  { auth: null,
  hash: null,
  host: 'localhost:8080',
  hostname: 'localhost',
  href: 'http://localhost:8080/',
  path: '/',
  pathname: '/',
  port: '8080',
  protocol: 'http:',
  query: null,
  search: null,
  slashes: true }
22:14:54 | Authorise request:  { auth: null,
  hash: null,
  host: 'localhost:8080',
  hostname: 'localhost',
  href: 'http://localhost:8080/',
  path: '/',
  pathname: '/',
  port: '8080',
  protocol: 'http:',
  query: null,
  search: null,
  slashes: true }
22:14:56 | Authorise request:  { auth: null,
  hash: null,
  host: 'localhost:8080',
  hostname: 'localhost',
  href: 'http://localhost:8080/',
  path: '/',
  pathname: '/',
  port: '8080',
  protocol: 'http:',
  query: null,
  search: null,
  slashes: true }
22:21:33 | Authorise request:  { auth: null,
  hash: null,
  host: 'localhost:8080',
  hostname: 'localhost',
  href: 'http://localhost:8080/',
  path: '/',
  pathname: '/',
  port: '8080',
  protocol: 'http:',
  query: null,
  search: null,
  slashes: true }
22:21:34 | Authorise request:  { auth: null,
  hash: null,
  host: 'localhost:8080',
  hostname: 'localhost',
  href: 'http://localhost:8080/',
  path: '/',
  pathname: '/',
  port: '8080',
  protocol: 'http:',
  query: null,
  search: null,
  slashes: true }
22:26:05 | Authorise request:  { auth: null,
  hash: null,
  host: 'localhost:8080',
  hostname: 'localhost',
  href: 'http://localhost:8080/',
  path: '/',
  pathname: '/',
  port: '8080',
  protocol: 'http:',
  query: null,
  search: null,
  slashes: true }
22:26:06 | Authorise request:  { auth: null,
  hash: null,
  host: 'localhost:8080',
  hostname: 'localhost',
  href: 'http://localhost:8080/',
  path: '/',
  pathname: '/',
  port: '8080',
  protocol: 'http:',
  query: null,
  search: null,
  slashes: true }
22:28:04 | Authorise request:  { auth: null,
  hash: null,
  host: 'localhost:8080',
  hostname: 'localhost',
  href: 'http://localhost:8080/',
  path: '/',
  pathname: '/',
  port: '8080',
  protocol: 'http:',
  query: null,
  search: null,
  slashes: true }
22:28:05 | Authorise request:  { auth: null,
  hash: null,
  host: 'localhost:8080',
  hostname: 'localhost',
  href: 'http://localhost:8080/',
  path: '/',
  pathname: '/',
  port: '8080',
  protocol: 'http:',
  query: null,
  search: null,
  slashes: true }
22:28:38 | Authorise request:  { auth: null,
  hash: null,
  host: 'localhost:8080',
  hostname: 'localhost',
  href: 'http://localhost:8080/',
  path: '/',
  pathname: '/',
  port: '8080',
  protocol: 'http:',
  query: null,
  search: null,
  slashes: true }
22:28:38 | Authorise request:  { auth: null,
  hash: null,
  host: 'localhost:8080',
  hostname: 'localhost',
  href: 'http://localhost:8080/',
  path: '/',
  pathname: '/',
  port: '8080',
  protocol: 'http:',
  query: null,
  search: null,
  slashes: true }
22:30:39 | Authorise request:  { auth: null,
  hash: null,
  host: 'localhost:8080',
  hostname: 'localhost',
  href: 'http://localhost:8080/',
  path: '/',
  pathname: '/',
  port: '8080',
  protocol: 'http:',
  query: null,
  search: null,
  slashes: true }
22:30:39 | Authorise request:  { auth: null,
  hash: null,
  host: 'localhost:8080',
  hostname: 'localhost',
  href: 'http://localhost:8080/',
  path: '/',
  pathname: '/',
  port: '8080',
  protocol: 'http:',
  query: null,
  search: null,
  slashes: true }
22:34:50 | Authorise request:  { auth: null,
  hash: null,
  host: 'localhost:8080',
  hostname: 'localhost',
  href: 'http://localhost:8080/',
  path: '/',
  pathname: '/',
  port: '8080',
  protocol: 'http:',
  query: null,
  search: null,
  slashes: true }
22:34:51 | Authorise request:  { auth: null,
  hash: null,
  host: 'localhost:8080',
  hostname: 'localhost',
  href: 'http://localhost:8080/',
  path: '/',
  pathname: '/',
  port: '8080',
  protocol: 'http:',
  query: null,
  search: null,
  slashes: true }
22:40:57 | Authorise request:  { auth: null,
  hash: null,
  host: 'localhost:8080',
  hostname: 'localhost',
  href: 'http://localhost:8080/',
  path: '/',
  pathname: '/',
  port: '8080',
  protocol: 'http:',
  query: null,
  search: null,
  slashes: true }
22:40:58 | Authorise request:  { auth: null,
  hash: null,
  host: 'localhost:8080',
  hostname: 'localhost',
  href: 'http://localhost:8080/',
  path: '/',
  pathname: '/',
  port: '8080',
  protocol: 'http:',
  query: null,
  search: null,
  slashes: true }
22:47:37 | Authorise request:  { auth: null,
  hash: null,
  host: 'localhost:8080',
  hostname: 'localhost',
  href: 'http://localhost:8080/',
  path: '/',
  pathname: '/',
  port: '8080',
  protocol: 'http:',
  query: null,
  search: null,
  slashes: true }
22:47:38 | Authorise request:  { auth: null,
  hash: null,
  host: 'localhost:8080',
  hostname: 'localhost',
  href: 'http://localhost:8080/',
  path: '/',
  pathname: '/',
  port: '8080',
  protocol: 'http:',
  query: null,
  search: null,
  slashes: true }
22:49:55 | Authorise request:  { auth: null,
  hash: null,
  host: 'localhost:8080',
  hostname: 'localhost',
  href: 'http://localhost:8080/',
  path: '/',
  pathname: '/',
  port: '8080',
  protocol: 'http:',
  query: null,
  search: null,
  slashes: true }
22:49:56 | Authorise request:  { auth: null,
  hash: null,
  host: 'localhost:8080',
  hostname: 'localhost',
  href: 'http://localhost:8080/',
  path: '/',
  pathname: '/',
  port: '8080',
  protocol: 'http:',
  query: null,
  search: null,
  slashes: true }
